{
  "RSpec": {
    "coverage": {
      "C:/Users/lowsb/Documents/workspace/qnapp/app/controllers/questions_controller.rb": [
        1,
        1,
        1,
        null,
        null,
        1,
        0,
        null,
        null,
        1,
        0,
        0,
        0,
        0,
        null,
        0,
        null,
        null,
        null,
        null,
        1,
        1,
        1,
        1,
        1,
        1,
        null,
        1,
        null,
        1,
        null,
        1,
        2,
        null,
        0,
        null,
        1,
        null,
        null,
        null,
        null,
        1,
        1,
        0,
        null,
        null
      ],
      "C:/Users/lowsb/Documents/workspace/qnapp/app/controllers/application_controller.rb": [
        1,
        null,
        null,
        1,
        null,
        null,
        1,
        0,
        null,
        null,
        null
      ],
      "C:/Users/lowsb/Documents/workspace/qnapp/app/models/question.rb": [
        1,
        null,
        1,
        1,
        1,
        null,
        1,
        1,
        null,
        null,
        1,
        1,
        1,
        1,
        1,
        null,
        null,
        1,
        1,
        null,
        null,
        1,
        0,
        0,
        0,
        0,
        null,
        null,
        null,
        null
      ]
    },
    "timestamp": 1395050239
  }
}
