{
  "RSpec": {
    "coverage": {
      "C:/Users/lowsb/Documents/workspace/qnapp/app/controllers/questions_controller.rb": [
        1,
        1,
        1,
        null,
        null,
        1,
        0,
        null,
        null,
        1,
        2,
        2,
        2,
        2,
        null,
        2,
        null,
        null,
        null,
        null,
        1,
        2,
        2,
        2,
        2,
        null,
        2,
        null,
        2,
        2,
        null,
        1,
        null,
        2,
        null,
        null,
        null,
        null,
        1,
        1,
        3,
        null,
        null
      ],
      "C:/Users/lowsb/Documents/workspace/qnapp/app/controllers/application_controller.rb": [
        1,
        null,
        null,
        1,
        null,
        null,
        1,
        1,
        null,
        null,
        null
      ],
      "C:/Users/lowsb/Documents/workspace/qnapp/spec/controllers/sessions_controller_spec.rb": [
        1,
        null,
        1,
        null,
        1,
        1,
        1,
        1,
        1,
        1,
        1,
        null,
        null
      ],
      "C:/Users/lowsb/Documents/workspace/qnapp/spec/models/question_spec.rb": [
        1,
        1,
        null,
        1,
        null,
        1,
        1,
        1,
        1,
        null,
        null,
        1,
        1,
        1,
        2,
        null,
        null,
        1,
        1,
        1,
        1,
        1,
        null,
        null,
        1,
        1,
        1,
        1,
        1,
        null,
        null
      ],
      "C:/Users/lowsb/Documents/workspace/qnapp/app/models/question.rb": [
        1,
        null,
        1,
        1,
        1,
        null,
        1,
        10,
        null,
        null,
        1,
        3,
        3,
        3,
        3,
        null,
        null,
        1,
        3,
        null,
        null,
        1,
        1,
        1,
        1,
        1,
        null,
        null,
        null,
        null
      ]
    },
    "timestamp": 1395109732
  }
}
